<?xml version="1.0" encoding="UTF-8"?>
<!-- Generated by org.testng.reporters.JUnitReportReporter -->
<testsuite hostname="LAPTOP-4QDIKF2C" failures="0" tests="1" name="com.pom.utils.New" time="0.022" errors="0" timestamp="2023-10-01T18:02:26 IST" skipped="0">
  <testcase classname="com.pom.utils.New" name="print" time="0.022"/>
  <system-out/>
</testsuite> <!-- com.pom.utils.New -->
