<?xml version="1.0" encoding="UTF-8"?>
<!-- Generated by org.testng.reporters.JUnitReportReporter -->
<testsuite hostname="LAPTOP-4QDIKF2C" failures="0" tests="1" name="com.pom.utils.Test1" time="0.010" errors="0" timestamp="2023-10-01T18:20:45 IST" skipped="0">
  <testcase classname="com.pom.utils.Test1" name="loginTest" time="0.010"/>
  <system-out/>
</testsuite> <!-- com.pom.utils.Test1 -->
