<?xml version="1.0" encoding="UTF-8"?>
<!-- Generated by org.testng.reporters.JUnitReportReporter -->
<testsuite hostname="LAPTOP-4QDIKF2C" failures="0" tests="1" name="com.pom.tests.EditCustomarTest" time="16.379" errors="0" timestamp="2023-10-07T11:08:07 IST" skipped="0">
  <testcase classname="com.pom.tests.EditCustomarTest" name="editCustomarTest" time="16.379"/>
  <system-out/>
</testsuite> <!-- com.pom.tests.EditCustomarTest -->
