<?xml version="1.0" encoding="UTF-8"?>
<!-- Generated by org.testng.reporters.JUnitReportReporter -->
<testsuite hostname="LAPTOP-4QDIKF2C" failures="0" tests="1" name="com.pom.tests.LoginTest" time="14.226" errors="0" timestamp="2023-10-07T10:22:57 IST" skipped="0">
  <testcase classname="com.pom.tests.LoginTest" name="validLoginTest" time="14.226"/>
  <system-out/>
</testsuite> <!-- com.pom.tests.LoginTest -->
