<?xml version="1.0" encoding="UTF-8"?>
<!-- Generated by org.testng.reporters.JUnitReportReporter -->
<testsuite hostname="LAPTOP-4QDIKF2C" failures="0" tests="1" name="com.pom.tests.LoginTest" time="45.814" errors="0" timestamp="2023-10-14T11:52:40 IST" skipped="0">
  <testcase classname="com.pom.tests.LoginTest" name="validLoginTest" time="45.814"/>
  <system-out/>
</testsuite> <!-- com.pom.tests.LoginTest -->
